<?xml version="1.0" encoding="UTF-8"?>
<robot generator="Robot 3.1.2 (Python 3.7.4 on win32)" generated="20190923 04:38:06.972" rpa="false">
<suite id="s1" name="OpenBrowserSimple" source="C:\Demo\RobotFramework\Scripts\SimpleTests\Tests\OpenBrowserSimple.robot">
<test id="s1-t1" name="Open this URL">
<kw name="Open Browser" library="SeleniumLibrary">
<doc>Opens a new browser instance to the given ``url``.</doc>
<arguments>
<arg>${URL}</arg>
<arg>${BROWSER}</arg>
</arguments>
<msg timestamp="20190923 04:38:07.363" level="INFO">Opening browser 'Chrome' to base url 'http://www.robotframeworktutorial.com/'.</msg>
<status status="PASS" starttime="20190923 04:38:07.363" endtime="20190923 04:38:14.908"></status>
</kw>
<kw name="Sleep" library="BuiltIn">
<doc>Pauses the test executed for the given time.</doc>
<arguments>
<arg>5s</arg>
</arguments>
<msg timestamp="20190923 04:38:19.960" level="INFO">Slept 5 seconds</msg>
<status status="PASS" starttime="20190923 04:38:14.949" endtime="20190923 04:38:19.960"></status>
</kw>
<kw name="Title Should Be" library="SeleniumLibrary">
<doc>Verifies that current page title equals ``title``.</doc>
<arguments>
<arg>${TITLE}</arg>
</arguments>
<msg timestamp="20190923 04:38:19.960" level="INFO">Page title is 'RobotFrameworkTutorial.com | Test Automation Training Videos'.</msg>
<status status="PASS" starttime="20190923 04:38:19.960" endtime="20190923 04:38:19.960"></status>
</kw>
<status status="PASS" starttime="20190923 04:38:07.363" endtime="20190923 04:38:19.960" critical="yes"></status>
</test>
<test id="s1-t2" name="Close this Browser">
<kw name="Close Browser" library="SeleniumLibrary">
<doc>Closes the current browser.</doc>
<status status="PASS" starttime="20190923 04:38:19.960" endtime="20190923 04:38:22.242"></status>
</kw>
<status status="PASS" starttime="20190923 04:38:19.960" endtime="20190923 04:38:22.242" critical="yes"></status>
</test>
<doc>This is a test to open a browser with the specified URL
this will have 3 global scalar data (created in Variables)
used robotframework 3.0.4
this test passes</doc>
<status status="PASS" starttime="20190923 04:38:06.972" endtime="20190923 04:38:22.242"></status>
</suite>
<statistics>
<total>
<stat pass="2" fail="0">Critical Tests</stat>
<stat pass="2" fail="0">All Tests</stat>
</total>
<tag>
</tag>
<suite>
<stat pass="2" fail="0" id="s1" name="OpenBrowserSimple">OpenBrowserSimple</stat>
</suite>
</statistics>
<errors>
</errors>
</robot>
